<?xml version="1.0" encoding="UTF-8"?>
<Site BuildName="Win32-make"
	BuildStamp="20240225-1304-Experimental"
	Name="LAPTOP-P10S7BAA"
	Generator="ctest-3.24.202208181-MSVC_2"
	CompilerName="C:/Users/Ivan2/gcc/bin/c++.exe"
	CompilerVersion="12.2.0"
	OSName="Windows"
	Hostname="LAPTOP-P10S7BAA"
	OSRelease=" Personal"
	OSVersion=" (Build 22621)"
	OSPlatform="AMD64"
	Is64Bits="1"
	VendorString="GenuineIntel"
	VendorID="Intel Corporation"
	FamilyID="6"
	ModelID="12"
	ProcessorCacheSize="-1"
	NumberOfLogicalCPU="4"
	NumberOfPhysicalCPU="2"
	TotalVirtualMemory="12954"
	TotalPhysicalMemory="7834"
	LogicalProcessorsPerPhysical="2"
	ProcessorClockFrequency="1996"
	>
	<Testing>
		<StartDateTime>Feb 25 16:04 RTZ 2 ([NON-UTF-8-BYTE-0xE7][NON-UTF-8-BYTE-0xE8][NON-UTF-8-BYTE-0xEC][NON-UTF-8-BYTE-0xE0])</StartDateTime>
		<StartTestTime>1708866252</StartTestTime>
		<TestList/>
		<EndDateTime>Feb 25 16:04 RTZ 2 ([NON-UTF-8-BYTE-0xE7][NON-UTF-8-BYTE-0xE8][NON-UTF-8-BYTE-0xEC][NON-UTF-8-BYTE-0xE0])</EndDateTime>
		<EndTestTime>1708866252</EndTestTime>
		<ElapsedMinutes>0</ElapsedMinutes>
	</Testing>
</Site>
